#-----------------------------------------------------------
# Vivado v2019.1 (64-bit)
# SW Build 2552052 on Fri May 24 14:49:42 MDT 2019
# IP Build 2548770 on Fri May 24 18:01:18 MDT 2019
# Start of session at: Tue Oct 24 19:58:40 2023
# Process ID: 12404
# Current directory: D:/Oscar/TEC/Octavo_Semestre/FPGA/Unidad 2/EJE_TEST
# Command line: vivado.exe -gui_launcher_event rodinguilauncherevent12520 D:\Oscar\TEC\Octavo_Semestre\FPGA\Unidad 2\EJE_TEST\EJE_TEST.xpr
# Log file: D:/Oscar/TEC/Octavo_Semestre/FPGA/Unidad 2/EJE_TEST/vivado.log
# Journal file: D:/Oscar/TEC/Octavo_Semestre/FPGA/Unidad 2/EJE_TEST\vivado.jou
#-----------------------------------------------------------
start_gui
open_project {D:/Oscar/TEC/Octavo_Semestre/FPGA/Unidad 2/EJE_TEST/EJE_TEST.xpr}
Scanning sources...
Finished scanning sources
INFO: [IP_Flow 19-234] Refreshing IP repositories
INFO: [IP_Flow 19-1700] Loaded user IP repository 'd:/Oscar/TEC/Octavo_Semestre/FPGA/Unidad 2/EJE_TEST/EJE_TEST.srcs/sources_1/new'.
INFO: [IP_Flow 19-2313] Loaded Vivado IP repository 'D:/Vivado/Vivado/2019.1/data/ip'.
open_project: Time (s): cpu = 00:00:17 ; elapsed = 00:00:07 . Memory (MB): peak = 728.883 ; gain = 81.547
update_compile_order -fileset sources_1
open_bd_design {D:/Oscar/TEC/Octavo_Semestre/FPGA/Unidad 2/EJE_TEST/EJE_TEST.srcs/sources_1/bd/design_1/design_1.bd}
Adding component instance block -- xilinx.com:ip:xadc_wiz:3.3 - xadc_wiz_0
Adding component instance block -- xilinx.com:ip:clk_wiz:6.0 - clk_wiz_0
Adding component instance block -- xilinx.com:ip:xlconstant:1.1 - xlconstant_0
Adding component instance block -- xilinx.com:ip:xlconstant:1.1 - xlconstant_1
Adding component instance block -- xilinx.com:ip:xlconstant:1.1 - xlconstant_2
Adding component instance block -- xilinx.com:ip:xlslice:1.0 - xlslice_0
Adding component instance block -- xilinx.com:ip:xlslice:1.0 - xlslice_1
Adding component instance block -- xilinx.com:user:multiplexers_1:1.0 - multiplexers_1_0
Successfully read diagram <design_1> from BD file <D:/Oscar/TEC/Octavo_Semestre/FPGA/Unidad 2/EJE_TEST/EJE_TEST.srcs/sources_1/bd/design_1/design_1.bd>
open_bd_design: Time (s): cpu = 00:00:12 ; elapsed = 00:00:14 . Memory (MB): peak = 838.609 ; gain = 34.371
exit
INFO: [Common 17-206] Exiting Vivado at Tue Oct 24 19:59:33 2023...
